2017-10-13 18:16:19,655 [main] INFO net.sf.jmimemagic.MagicParser - endElement(): not adding invalid matcher '320 kBits'
2017-10-13 18:16:19,661 [main] INFO net.sf.jmimemagic.MagicParser - endElement(): not adding invalid matcher '384 kBits'
2017-10-13 18:16:19,662 [main] INFO net.sf.jmimemagic.MagicParser - endElement(): not adding invalid matcher '\b3'
2017-10-13 18:16:19,663 [main] INFO net.sf.jmimemagic.MagicParser - endElement(): not adding invalid matcher '\b2'
2017-10-13 18:16:19,668 [main] INFO net.sf.jmimemagic.MagicParser - endElement(): not adding invalid matcher 'Mono'
2017-10-13 18:16:19,668 [main] INFO net.sf.jmimemagic.MagicParser - endElement(): not adding invalid matcher '- %d frames,'
2017-10-13 18:16:19,669 [main] INFO net.sf.jmimemagic.MagicParser - endElement(): not adding invalid matcher 'width=%d pixels,'
2017-10-13 18:16:19,669 [main] INFO net.sf.jmimemagic.MagicParser - endElement(): not adding invalid matcher 'height=%d pixels,'
2017-10-13 18:16:19,669 [main] INFO net.sf.jmimemagic.MagicParser - endElement(): not adding invalid matcher 'depth=%d,'
2017-10-13 18:16:19,669 [main] INFO net.sf.jmimemagic.MagicParser - endElement(): not adding invalid matcher 'ticks/frame=%d'
2017-10-13 18:16:19,670 [main] INFO net.sf.jmimemagic.MagicParser - endElement(): not adding invalid matcher '- %d frames'
2017-10-13 18:16:19,670 [main] INFO net.sf.jmimemagic.MagicParser - endElement(): not adding invalid matcher 'width=%d pixels,'
2017-10-13 18:16:19,671 [main] INFO net.sf.jmimemagic.MagicParser - endElement(): not adding invalid matcher 'height=%d pixels,'
2017-10-13 18:16:19,671 [main] INFO net.sf.jmimemagic.MagicParser - endElement(): not adding invalid matcher 'depth=%d,'
2017-10-13 18:16:19,671 [main] INFO net.sf.jmimemagic.MagicParser - endElement(): not adding invalid matcher 'ticks/frame=%d'
2017-10-13 18:16:19,677 [main] INFO net.sf.jmimemagic.MagicParser - endElement(): not adding invalid matcher ''
2017-10-13 18:16:19,679 [main] INFO net.sf.jmimemagic.MagicParser - endElement(): not adding invalid matcher 'version %d'
2017-10-13 18:16:19,679 [main] INFO net.sf.jmimemagic.MagicParser - endElement(): not adding invalid matcher '\b.%d,'
2017-10-13 18:16:19,679 [main] INFO net.sf.jmimemagic.MagicParser - endElement(): not adding invalid matcher '%d instruments'
2017-10-13 18:16:19,681 [main] INFO net.sf.jmimemagic.MagicParser - endElement(): not adding invalid matcher '%d bits'
2017-10-13 18:16:19,684 [main] INFO net.sf.jmimemagic.MagicParser - endElement(): not adding invalid matcher 'ASCII,'
2017-10-13 18:16:19,684 [main] INFO net.sf.jmimemagic.MagicParser - endElement(): not adding invalid matcher 'continuation,'
2017-10-13 18:16:19,685 [main] INFO net.sf.jmimemagic.MagicParser - endElement(): not adding invalid matcher 'extra field,'
2017-10-13 18:16:19,685 [main] INFO net.sf.jmimemagic.MagicParser - endElement(): not adding invalid matcher 'original filename,'
2017-10-13 18:16:19,685 [main] INFO net.sf.jmimemagic.MagicParser - endElement(): not adding invalid matcher 'comment,'
2017-10-13 18:16:19,686 [main] INFO net.sf.jmimemagic.MagicParser - endElement(): not adding invalid matcher 'encrypted,'
2017-10-13 18:16:19,686 [main] INFO net.sf.jmimemagic.MagicParser - endElement(): not adding invalid matcher 'last modified: %s,'
2017-10-13 18:16:19,688 [main] INFO net.sf.jmimemagic.MagicParser - endElement(): not adding invalid matcher 'version %d'
2017-10-13 18:16:19,691 [main] INFO net.sf.jmimemagic.MagicParser - endElement(): not adding invalid matcher '%c)'
2017-10-13 18:16:19,695 [main] INFO net.sf.jmimemagic.MagicParser - endElement(): not adding invalid matcher '%c)'
2017-10-13 18:16:19,695 [main] INFO net.sf.jmimemagic.MagicParser - endElement(): not adding invalid matcher '%ld x'
2017-10-13 18:16:19,696 [main] INFO net.sf.jmimemagic.MagicParser - endElement(): not adding invalid matcher '%ld,'
2017-10-13 18:16:19,697 [main] INFO net.sf.jmimemagic.MagicParser - endElement(): not adding invalid matcher '%s'
2017-10-13 18:16:19,699 [main] INFO net.sf.jmimemagic.MagicParser - endElement(): not adding invalid matcher '%ld x'
2017-10-13 18:16:19,699 [main] INFO net.sf.jmimemagic.MagicParser - endElement(): not adding invalid matcher '%ld,'
2017-10-13 18:16:19,700 [main] INFO net.sf.jmimemagic.MagicParser - endElement(): not adding invalid matcher '%d-bit'
2017-10-13 18:16:19,701 [main] INFO net.sf.jmimemagic.MagicParser - endElement(): not adding invalid matcher 'interlaced'
2017-10-13 18:16:19,707 [main] INFO net.sf.jmimemagic.MagicParser - endElement(): not adding invalid matcher 'version %.3s'
2017-10-13 18:16:19,707 [main] INFO net.sf.jmimemagic.MagicParser - endElement(): not adding invalid matcher ': %s'
2017-10-13 18:16:19,708 [main] INFO net.sf.jmimemagic.MagicParser - endElement(): not adding invalid matcher ': %s'
2017-10-13 18:16:19,709 [main] INFO net.sf.jmimemagic.MagicParser - endElement(): not adding invalid matcher ': %s'
2017-10-13 18:16:19,709 [main] INFO net.sf.jmimemagic.MagicParser - endElement(): not adding invalid matcher ': %s'
2017-10-13 18:16:19,710 [main] INFO net.sf.jmimemagic.MagicParser - endElement(): not adding invalid matcher ': %s'
2017-10-13 18:16:19,710 [main] INFO net.sf.jmimemagic.MagicParser - endElement(): not adding invalid matcher ': %s'
2017-10-13 18:16:19,711 [main] INFO net.sf.jmimemagic.MagicParser - endElement(): not adding invalid matcher ': %s'
2017-10-13 18:16:19,711 [main] INFO net.sf.jmimemagic.MagicParser - endElement(): not adding invalid matcher ': %s'
2017-10-13 18:16:19,711 [main] INFO net.sf.jmimemagic.MagicParser - endElement(): not adding invalid matcher '%s'
2017-10-13 18:16:19,712 [main] INFO net.sf.jmimemagic.MagicParser - endElement(): not adding invalid matcher '%s'
2017-10-13 18:16:19,714 [main] INFO net.sf.jmimemagic.MagicParser - endElement(): not adding invalid matcher 'POSIX'
2017-10-13 18:16:19,721 [main] INFO net.sf.jmimemagic.MagicParser - endElement(): not adding invalid matcher 'version %c'
2017-10-13 18:16:19,721 [main] INFO net.sf.jmimemagic.MagicParser - endElement(): not adding invalid matcher '\b.%c'
2017-10-13 18:16:19,722 [main] INFO net.sf.jmimemagic.MagicParser - endElement(): not adding invalid matcher 'length %d'
2017-10-13 18:16:19,723 [main] INFO net.sf.jmimemagic.MagicParser - endElement(): not adding invalid matcher 'length %d'
2017-10-13 18:16:19,723 [main] INFO net.sf.jmimemagic.MagicParser - endElement(): not adding invalid matcher 'length %d'
2017-10-13 18:16:19,723 [main] INFO net.sf.jmimemagic.MagicParser - endElement(): not adding invalid matcher 'length %d'
2017-10-13 18:16:19,723 [main] INFO net.sf.jmimemagic.MagicParser - endElement(): not adding invalid matcher 'length %d'
2017-10-13 18:16:19,723 [main] INFO net.sf.jmimemagic.MagicParser - endElement(): not adding invalid matcher 'length %d'
2017-10-13 18:16:19,723 [main] INFO net.sf.jmimemagic.MagicParser - endElement(): not adding invalid matcher 've'
2017-10-13 18:16:19,724 [main] INFO net.sf.jmimemagic.MagicParser - endElement(): not adding invalid matcher 'version %d'
2017-10-13 18:16:19,724 [main] INFO net.sf.jmimemagic.MagicParser - endElement(): not adding invalid matcher '%d entries'
2017-10-13 18:16:19,724 [main] INFO net.sf.jmimemagic.MagicParser - endElement(): not adding invalid matcher '%d x'
2017-10-13 18:16:19,724 [main] INFO net.sf.jmimemagic.MagicParser - endElement(): not adding invalid matcher '%d'
2017-10-13 18:16:19,725 [main] INFO net.sf.jmimemagic.MagicParser - endElement(): not adding invalid matcher '%d x'
2017-10-13 18:16:19,725 [main] INFO net.sf.jmimemagic.MagicParser - endElement(): not adding invalid matcher '%d'
2017-10-13 18:16:19,725 [main] INFO net.sf.jmimemagic.MagicParser - endElement(): not adding invalid matcher '%d x'
2017-10-13 18:16:19,725 [main] INFO net.sf.jmimemagic.MagicParser - endElement(): not adding invalid matcher '%d x'
2017-10-13 18:16:19,726 [main] INFO net.sf.jmimemagic.MagicParser - endElement(): not adding invalid matcher '%d'
2017-10-13 18:16:19,726 [main] INFO net.sf.jmimemagic.MagicParser - endElement(): not adding invalid matcher '%d'
2017-10-13 18:16:19,727 [main] INFO net.sf.jmimemagic.MagicParser - endElement(): not adding invalid matcher 'version %d'
2017-10-13 18:16:19,727 [main] INFO net.sf.jmimemagic.MagicParser - endElement(): not adding invalid matcher '%d entries'
2017-10-13 18:16:19,730 [main] INFO net.sf.jmimemagic.MagicParser - endElement(): not adding invalid matcher '%d x'
2017-10-13 18:16:19,730 [main] INFO net.sf.jmimemagic.MagicParser - endElement(): not adding invalid matcher '%d'
2017-10-13 18:16:19,731 [main] INFO net.sf.jmimemagic.MagicParser - endElement(): not adding invalid matcher '%d x'
2017-10-13 18:16:19,731 [main] INFO net.sf.jmimemagic.MagicParser - endElement(): not adding invalid matcher '%d'
2017-10-13 18:16:19,731 [main] INFO net.sf.jmimemagic.MagicParser - endElement(): not adding invalid matcher '%d x'
2017-10-13 18:16:19,732 [main] INFO net.sf.jmimemagic.MagicParser - endElement(): not adding invalid matcher '%d x'
2017-10-13 18:16:19,732 [main] INFO net.sf.jmimemagic.MagicParser - endElement(): not adding invalid matcher '%d'
2017-10-13 18:16:19,733 [main] INFO net.sf.jmimemagic.MagicParser - endElement(): not adding invalid matcher '%d'
2017-10-13 18:16:19,735 [main] INFO net.sf.jmimemagic.MagicParser - endElement(): not adding invalid matcher 'v%d'
2017-10-13 18:16:19,736 [main] INFO net.sf.jmimemagic.MagicParser - endElement(): not adding invalid matcher '%s'
2017-10-13 18:16:19,736 [main] INFO net.sf.jmimemagic.MagicParser - endElement(): not adding invalid matcher '%s'
2017-10-13 18:16:19,736 [main] INFO net.sf.jmimemagic.MagicParser - endElement(): not adding invalid matcher 'version %c,'
2017-10-13 18:16:19,738 [main] INFO net.sf.jmimemagic.MagicParser - endElement(): not adding invalid matcher 'WordPerfect macro'
2017-10-13 18:16:19,739 [main] INFO net.sf.jmimemagic.MagicParser - endElement(): not adding invalid matcher 'WordPerfect help file'
2017-10-13 18:16:19,740 [main] INFO net.sf.jmimemagic.MagicParser - endElement(): not adding invalid matcher 'WordPerfect keyboard file'
2017-10-13 18:16:19,740 [main] INFO net.sf.jmimemagic.MagicParser - endElement(): not adding invalid matcher 'WordPerfect document'
2017-10-13 18:16:19,740 [main] INFO net.sf.jmimemagic.MagicParser - endElement(): not adding invalid matcher 'WordPerfect dictionary'
2017-10-13 18:16:19,740 [main] INFO net.sf.jmimemagic.MagicParser - endElement(): not adding invalid matcher 'WordPerfect thesaurus'
2017-10-13 18:16:19,740 [main] INFO net.sf.jmimemagic.MagicParser - endElement(): not adding invalid matcher 'WordPerfect block'
2017-10-13 18:16:19,740 [main] INFO net.sf.jmimemagic.MagicParser - endElement(): not adding invalid matcher 'WordPerfect rectangular block'
2017-10-13 18:16:19,741 [main] INFO net.sf.jmimemagic.MagicParser - endElement(): not adding invalid matcher 'WordPerfect column block'
2017-10-13 18:16:19,741 [main] INFO net.sf.jmimemagic.MagicParser - endElement(): not adding invalid matcher 'WordPerfect printer data'
2017-10-13 18:16:19,741 [main] INFO net.sf.jmimemagic.MagicParser - endElement(): not adding invalid matcher 'WordPerfect printer data'
2017-10-13 18:16:19,741 [main] INFO net.sf.jmimemagic.MagicParser - endElement(): not adding invalid matcher 'WordPerfect driver resource data'
2017-10-13 18:16:19,741 [main] INFO net.sf.jmimemagic.MagicParser - endElement(): not adding invalid matcher 'WordPerfect hyphenation code'
2017-10-13 18:16:19,742 [main] INFO net.sf.jmimemagic.MagicParser - endElement(): not adding invalid matcher 'WordPerfect hyphenation data'
2017-10-13 18:16:19,742 [main] INFO net.sf.jmimemagic.MagicParser - endElement(): not adding invalid matcher 'WordPerfect macro resource data'
2017-10-13 18:16:19,742 [main] INFO net.sf.jmimemagic.MagicParser - endElement(): not adding invalid matcher 'WordPerfect hyphenation lex'
2017-10-13 18:16:19,742 [main] INFO net.sf.jmimemagic.MagicParser - endElement(): not adding invalid matcher 'WordPerfect wordlist'
2017-10-13 18:16:19,742 [main] INFO net.sf.jmimemagic.MagicParser - endElement(): not adding invalid matcher 'WordPerfect equation resource data'
2017-10-13 18:16:19,742 [main] INFO net.sf.jmimemagic.MagicParser - endElement(): not adding invalid matcher 'WordPerfect spell rules'
2017-10-13 18:16:19,743 [main] INFO net.sf.jmimemagic.MagicParser - endElement(): not adding invalid matcher 'WordPerfect dictionary rules'
2017-10-13 18:16:19,743 [main] INFO net.sf.jmimemagic.MagicParser - endElement(): not adding invalid matcher 'WordPerfect spell rules (Microlytics)'
2017-10-13 18:16:19,743 [main] INFO net.sf.jmimemagic.MagicParser - endElement(): not adding invalid matcher 'WordPerfect settings file'
2017-10-13 18:16:19,743 [main] INFO net.sf.jmimemagic.MagicParser - endElement(): not adding invalid matcher 'WordPerfect 4.2 document'
2017-10-13 18:16:19,743 [main] INFO net.sf.jmimemagic.MagicParser - endElement(): not adding invalid matcher 'WordPerfect dialog file'
2017-10-13 18:16:19,744 [main] INFO net.sf.jmimemagic.MagicParser - endElement(): not adding invalid matcher 'WordPerfect button bar'
2017-10-13 18:16:19,744 [main] INFO net.sf.jmimemagic.MagicParser - endElement(): not adding invalid matcher 'Shell macro'
2017-10-13 18:16:19,744 [main] INFO net.sf.jmimemagic.MagicParser - endElement(): not adding invalid matcher 'Shell definition'
2017-10-13 18:16:19,744 [main] INFO net.sf.jmimemagic.MagicParser - endElement(): not adding invalid matcher 'Notebook macro'
2017-10-13 18:16:19,744 [main] INFO net.sf.jmimemagic.MagicParser - endElement(): not adding invalid matcher 'Notebook help file'
2017-10-13 18:16:19,744 [main] INFO net.sf.jmimemagic.MagicParser - endElement(): not adding invalid matcher 'Notebook keyboard file'
2017-10-13 18:16:19,745 [main] INFO net.sf.jmimemagic.MagicParser - endElement(): not adding invalid matcher 'Notebook definition'
2017-10-13 18:16:19,745 [main] INFO net.sf.jmimemagic.MagicParser - endElement(): not adding invalid matcher 'Calculator help file'
2017-10-13 18:16:19,745 [main] INFO net.sf.jmimemagic.MagicParser - endElement(): not adding invalid matcher 'Calendar help file'
2017-10-13 18:16:19,745 [main] INFO net.sf.jmimemagic.MagicParser - endElement(): not adding invalid matcher 'Calendar data file'
2017-10-13 18:16:19,745 [main] INFO net.sf.jmimemagic.MagicParser - endElement(): not adding invalid matcher 'Editor macro'
2017-10-13 18:16:19,745 [main] INFO net.sf.jmimemagic.MagicParser - endElement(): not adding invalid matcher 'Editor help file'
2017-10-13 18:16:19,746 [main] INFO net.sf.jmimemagic.MagicParser - endElement(): not adding invalid matcher 'Editor keyboard file'
2017-10-13 18:16:19,746 [main] INFO net.sf.jmimemagic.MagicParser - endElement(): not adding invalid matcher 'Editor macro resource file'
2017-10-13 18:16:19,746 [main] INFO net.sf.jmimemagic.MagicParser - endElement(): not adding invalid matcher 'Macro editor macro'
2017-10-13 18:16:19,746 [main] INFO net.sf.jmimemagic.MagicParser - endElement(): not adding invalid matcher 'Macro editor help file'
2017-10-13 18:16:19,747 [main] INFO net.sf.jmimemagic.MagicParser - endElement(): not adding invalid matcher 'Macro editor keyboard file'
2017-10-13 18:16:19,748 [main] INFO net.sf.jmimemagic.MagicParser - endElement(): not adding invalid matcher 'PlanPerfect macro'
2017-10-13 18:16:19,748 [main] INFO net.sf.jmimemagic.MagicParser - endElement(): not adding invalid matcher 'PlanPerfect help file'
2017-10-13 18:16:19,748 [main] INFO net.sf.jmimemagic.MagicParser - endElement(): not adding invalid matcher 'PlanPerfect keyboard file'
2017-10-13 18:16:19,748 [main] INFO net.sf.jmimemagic.MagicParser - endElement(): not adding invalid matcher 'PlanPerfect worksheet'
2017-10-13 18:16:19,748 [main] INFO net.sf.jmimemagic.MagicParser - endElement(): not adding invalid matcher 'PlanPerfect printer definition'
2017-10-13 18:16:19,749 [main] INFO net.sf.jmimemagic.MagicParser - endElement(): not adding invalid matcher 'PlanPerfect graphic definition'
2017-10-13 18:16:19,749 [main] INFO net.sf.jmimemagic.MagicParser - endElement(): not adding invalid matcher 'PlanPerfect data'
2017-10-13 18:16:19,749 [main] INFO net.sf.jmimemagic.MagicParser - endElement(): not adding invalid matcher 'PlanPerfect temporary printer'
2017-10-13 18:16:19,749 [main] INFO net.sf.jmimemagic.MagicParser - endElement(): not adding invalid matcher 'PlanPerfect macro resource data'
2017-10-13 18:16:19,750 [main] INFO net.sf.jmimemagic.MagicParser - endElement(): not adding invalid matcher 'help file'
2017-10-13 18:16:19,750 [main] INFO net.sf.jmimemagic.MagicParser - endElement(): not adding invalid matcher 'distribution list'
2017-10-13 18:16:19,750 [main] INFO net.sf.jmimemagic.MagicParser - endElement(): not adding invalid matcher 'out box'
2017-10-13 18:16:19,750 [main] INFO net.sf.jmimemagic.MagicParser - endElement(): not adding invalid matcher 'in box'
2017-10-13 18:16:19,750 [main] INFO net.sf.jmimemagic.MagicParser - endElement(): not adding invalid matcher 'users archived mailbox'
2017-10-13 18:16:19,750 [main] INFO net.sf.jmimemagic.MagicParser - endElement(): not adding invalid matcher 'archived message database'
2017-10-13 18:16:19,750 [main] INFO net.sf.jmimemagic.MagicParser - endElement(): not adding invalid matcher 'archived attachments'
2017-10-13 18:16:19,751 [main] INFO net.sf.jmimemagic.MagicParser - endElement(): not adding invalid matcher 'Printer temporary file'
2017-10-13 18:16:19,751 [main] INFO net.sf.jmimemagic.MagicParser - endElement(): not adding invalid matcher 'Scheduler help file'
2017-10-13 18:16:19,751 [main] INFO net.sf.jmimemagic.MagicParser - endElement(): not adding invalid matcher 'Scheduler in file'
2017-10-13 18:16:19,751 [main] INFO net.sf.jmimemagic.MagicParser - endElement(): not adding invalid matcher 'Scheduler out file'
2017-10-13 18:16:19,751 [main] INFO net.sf.jmimemagic.MagicParser - endElement(): not adding invalid matcher 'GroupWise settings file'
2017-10-13 18:16:19,752 [main] INFO net.sf.jmimemagic.MagicParser - endElement(): not adding invalid matcher 'GroupWise directory services'
2017-10-13 18:16:19,752 [main] INFO net.sf.jmimemagic.MagicParser - endElement(): not adding invalid matcher 'GroupWise settings file'
2017-10-13 18:16:19,752 [main] INFO net.sf.jmimemagic.MagicParser - endElement(): not adding invalid matcher 'Terminal resource data'
2017-10-13 18:16:19,752 [main] INFO net.sf.jmimemagic.MagicParser - endElement(): not adding invalid matcher 'Terminal resource data'
2017-10-13 18:16:19,752 [main] INFO net.sf.jmimemagic.MagicParser - endElement(): not adding invalid matcher 'Terminal resource data'
2017-10-13 18:16:19,753 [main] INFO net.sf.jmimemagic.MagicParser - endElement(): not adding invalid matcher 'GUI loadable text'
2017-10-13 18:16:19,753 [main] INFO net.sf.jmimemagic.MagicParser - endElement(): not adding invalid matcher 'graphics resource data'
2017-10-13 18:16:19,753 [main] INFO net.sf.jmimemagic.MagicParser - endElement(): not adding invalid matcher 'printer settings file'
2017-10-13 18:16:19,753 [main] INFO net.sf.jmimemagic.MagicParser - endElement(): not adding invalid matcher 'port definition file'
2017-10-13 18:16:19,753 [main] INFO net.sf.jmimemagic.MagicParser - endElement(): not adding invalid matcher 'print queue parameters'
2017-10-13 18:16:19,753 [main] INFO net.sf.jmimemagic.MagicParser - endElement(): not adding invalid matcher 'compressed file'
2017-10-13 18:16:19,753 [main] INFO net.sf.jmimemagic.MagicParser - endElement(): not adding invalid matcher 'Network service msg file'
2017-10-13 18:16:19,754 [main] INFO net.sf.jmimemagic.MagicParser - endElement(): not adding invalid matcher 'Network service msg file'
2017-10-13 18:16:19,754 [main] INFO net.sf.jmimemagic.MagicParser - endElement(): not adding invalid matcher 'Async gateway login msg'
2017-10-13 18:16:19,754 [main] INFO net.sf.jmimemagic.MagicParser - endElement(): not adding invalid matcher 'GroupWise message file'
2017-10-13 18:16:19,754 [main] INFO net.sf.jmimemagic.MagicParser - endElement(): not adding invalid matcher 'GroupWise admin domain database'
2017-10-13 18:16:19,755 [main] INFO net.sf.jmimemagic.MagicParser - endElement(): not adding invalid matcher 'GroupWise admin host database'
2017-10-13 18:16:19,755 [main] INFO net.sf.jmimemagic.MagicParser - endElement(): not adding invalid matcher 'GroupWise admin remote host database'
2017-10-13 18:16:19,756 [main] INFO net.sf.jmimemagic.MagicParser - endElement(): not adding invalid matcher 'GroupWise admin ADS deferment data file'
2017-10-13 18:16:19,756 [main] INFO net.sf.jmimemagic.MagicParser - endElement(): not adding invalid matcher 'IntelliTAG (SGML) compiled DTD'
2017-10-13 18:16:19,756 [main] INFO net.sf.jmimemagic.MagicParser - endElement(): not adding invalid matcher 'WordPerfect graphic image (1.0)'
2017-10-13 18:16:19,756 [main] INFO net.sf.jmimemagic.MagicParser - endElement(): not adding invalid matcher 'WordPerfect graphic image (2.0)'
